GET - /admin/dashboard - Sat, 30 Sep 2023 16:18:35 GMT - 3783.498 ms
GET - /assets/css/style.css - Sat, 30 Sep 2023 16:18:35 GMT - 4.520 ms
GET - /assets/css/style.css - Sat, 30 Sep 2023 16:41:07 GMT - 6.150 ms
GET - /admin/login - Sat, 30 Sep 2023 16:41:17 GMT - 1421.527 ms
GET - /assets/css/style.css - Sat, 30 Sep 2023 16:41:17 GMT - 2.455 ms
GET - /assets/js/main/js - Sat, 30 Sep 2023 16:41:17 GMT - 12.759 ms
POST - /admin/login - Sat, 30 Sep 2023 16:42:12 GMT - 350.538 ms
GET - /admin.login - Sat, 30 Sep 2023 16:42:12 GMT - 1.212 ms
GET - /admin.login - Sat, 30 Sep 2023 16:42:21 GMT - 52.489 ms
GET - /admin.login - Sat, 30 Sep 2023 16:42:24 GMT - 0.701 ms
GET - /admin/login - Sat, 30 Sep 2023 16:42:44 GMT - 1289.835 ms
GET - /assets/css/style.css - Sat, 30 Sep 2023 16:42:44 GMT - 14.971 ms
GET - /assets/js/main/js - Sat, 30 Sep 2023 16:42:44 GMT - 11.385 ms
POST - /admin/login - Sat, 30 Sep 2023 16:43:10 GMT - 50.162 ms
GET - /admin/dashboard - Sat, 30 Sep 2023 16:43:10 GMT - 60.724 ms
GET - /assets/css/style.css - Sat, 30 Sep 2023 16:43:10 GMT - 0.810 ms
GET - /admin/logout - Sat, 30 Sep 2023 16:43:37 GMT - 1.797 ms
GET - /admin/login - Sat, 30 Sep 2023 16:43:37 GMT - 18.843 ms
GET - /assets/css/style.css - Sat, 30 Sep 2023 16:43:37 GMT - 4.975 ms
GET - /assets/js/main/js - Sat, 30 Sep 2023 16:43:37 GMT - 19.370 ms
POST - /admin/login - Sat, 30 Sep 2023 16:47:42 GMT - 62.334 ms
GET - /admin/dashboard - Sat, 30 Sep 2023 16:47:44 GMT - 1508.825 ms
GET - /assets/css/style.css - Sat, 30 Sep 2023 16:47:44 GMT - 4.831 ms
GET - /admin/login - Sun, 01 Oct 2023 10:35:02 GMT - 6884.944 ms
GET - /assets/css/style.css - Sun, 01 Oct 2023 10:35:03 GMT - 47.661 ms
GET - /assets/js/main/js - Sun, 01 Oct 2023 10:35:03 GMT - 45.238 ms
GET - /favicon.ico - Sun, 01 Oct 2023 10:35:03 GMT - 3.462 ms
POST - /admin/login - Sun, 01 Oct 2023 10:35:13 GMT - 492.960 ms
GET - /admin/dashboard - Sun, 01 Oct 2023 10:35:13 GMT - 100.345 ms
GET - /assets/css/style.css - Sun, 01 Oct 2023 10:35:13 GMT - 42.163 ms
POST - /admin/approve - Sun, 01 Oct 2023 10:35:18 GMT - 3.490 ms
GET - /admin/dashboard - Sun, 01 Oct 2023 10:35:18 GMT - 39.837 ms
GET - /assets/css/style.css - Sun, 01 Oct 2023 10:35:18 GMT - 1.823 ms
POST - /admin/approve - Sun, 01 Oct 2023 10:35:19 GMT - 3.104 ms
GET - /admin/dashboard - Sun, 01 Oct 2023 10:35:19 GMT - 43.431 ms
GET - /assets/css/style.css - Sun, 01 Oct 2023 10:35:19 GMT - 1.271 ms
POST - /admin/approve - Sun, 01 Oct 2023 10:35:20 GMT - 1.753 ms
GET - /admin/dashboard - Sun, 01 Oct 2023 10:35:20 GMT - 39.847 ms
GET - /assets/css/style.css - Sun, 01 Oct 2023 10:35:20 GMT - 1.847 ms
GET - /admin/logout - Sun, 01 Oct 2023 10:35:23 GMT - 1.554 ms
GET - /admin/login - Sun, 01 Oct 2023 10:35:23 GMT - 12.314 ms
GET - /assets/css/style.css - Sun, 01 Oct 2023 10:35:23 GMT - 3.084 ms
GET - /assets/js/main/js - Sun, 01 Oct 2023 10:35:23 GMT - 10.257 ms
